<?xml version="1.0" encoding="UTF-8"?>
<testsuite name="org.opendc.compute.simulator.scheduler.MemorizingSchedulerTest" tests="4" skipped="0" failures="0" errors="0" timestamp="2025-05-17T00:17:16" hostname="ece-d6200-audu" time="0.074">
  <properties/>
  <testcase name="testRamFilter()" classname="org.opendc.compute.simulator.scheduler.MemorizingSchedulerTest" time="0.039"/>
  <testcase name="testNoFiltersAndSchedulersRandom()" classname="org.opendc.compute.simulator.scheduler.MemorizingSchedulerTest" time="0.008"/>
  <testcase name="testRamFilterOvercommit()" classname="org.opendc.compute.simulator.scheduler.MemorizingSchedulerTest" time="0.018"/>
  <testcase name="testNoHosts()" classname="org.opendc.compute.simulator.scheduler.MemorizingSchedulerTest" time="0.006"/>
  <system-out><![CDATA[]]></system-out>
  <system-err><![CDATA[]]></system-err>
</testsuite>
