<?xml version="1.0" encoding="UTF-8"?>
<testsuite name="org.opendc.compute.simulator.scheduler.TimeshiftSchedulerTest" tests="2" skipped="0" failures="0" errors="0" timestamp="2025-05-17T00:17:16" hostname="ece-d6200-audu" time="0.291">
  <properties/>
  <testcase name="testBasicDeferring()" classname="org.opendc.compute.simulator.scheduler.TimeshiftSchedulerTest" time="0.279"/>
  <testcase name="testRespectDeadline()" classname="org.opendc.compute.simulator.scheduler.TimeshiftSchedulerTest" time="0.011"/>
  <system-out><![CDATA[]]></system-out>
  <system-err><![CDATA[]]></system-err>
</testsuite>
