<?xml version="1.0" encoding="UTF-8"?>
<testsuite name="TableReader for Tasks (Shell trace)" tests="7" skipped="0" failures="0" errors="0" timestamp="2025-05-13T17:40:38" hostname="ece-d6200-audu" time="0.326">
  <properties/>
  <testcase name="testReadWithoutNextRow()" classname="org.opendc.trace.wtf.WtfTraceFormatTest$ShellTasksTableReaderTest" time="0.003"/>
  <testcase name="testReadAfterFinish()" classname="org.opendc.trace.wtf.WtfTraceFormatTest$ShellTasksTableReaderTest" time="0.174"/>
  <testcase name="testReadFully()" classname="org.opendc.trace.wtf.WtfTraceFormatTest$ShellTasksTableReaderTest" time="0.058"/>
  <testcase name="testVerifyNullColumns()" classname="org.opendc.trace.wtf.WtfTraceFormatTest$ShellTasksTableReaderTest" time="0.059"/>
  <testcase name="testResolve()" classname="org.opendc.trace.wtf.WtfTraceFormatTest$ShellTasksTableReaderTest" time="0.001"/>
  <testcase name="testResolveEmpty()" classname="org.opendc.trace.wtf.WtfTraceFormatTest$ShellTasksTableReaderTest" time="0.002"/>
  <testcase name="testReadNonExistentColumns()" classname="org.opendc.trace.wtf.WtfTraceFormatTest$ShellTasksTableReaderTest" time="0.023"/>
  <system-out><![CDATA[]]></system-out>
  <system-err><![CDATA[]]></system-err>
</testsuite>
