<?xml version="1.0" encoding="UTF-8"?>
<testsuite name="TableReader for Resource States" tests="7" skipped="0" failures="0" errors="0" timestamp="2025-05-13T17:40:37" hostname="ece-d6200-audu" time="0.176">
  <properties/>
  <testcase name="testReadWithoutNextRow()" classname="formats.opendc.OdcVmTraceFormatTest$ResourceStatesTableReaderTest" time="0.002"/>
  <testcase name="testReadAfterFinish()" classname="formats.opendc.OdcVmTraceFormatTest$ResourceStatesTableReaderTest" time="0.045"/>
  <testcase name="testReadFully()" classname="formats.opendc.OdcVmTraceFormatTest$ResourceStatesTableReaderTest" time="0.054"/>
  <testcase name="testVerifyNullColumns()" classname="formats.opendc.OdcVmTraceFormatTest$ResourceStatesTableReaderTest" time="0.051"/>
  <testcase name="testResolve()" classname="formats.opendc.OdcVmTraceFormatTest$ResourceStatesTableReaderTest" time="0.001"/>
  <testcase name="testResolveEmpty()" classname="formats.opendc.OdcVmTraceFormatTest$ResourceStatesTableReaderTest" time="0.0"/>
  <testcase name="testReadNonExistentColumns()" classname="formats.opendc.OdcVmTraceFormatTest$ResourceStatesTableReaderTest" time="0.013"/>
  <system-out><![CDATA[]]></system-out>
  <system-err><![CDATA[]]></system-err>
</testsuite>
