<?xml version="1.0" encoding="UTF-8"?>
<testsuite name="WTF TraceFormat" tests="4" skipped="0" failures="0" errors="0" timestamp="2025-05-13T17:40:38" hostname="ece-d6200-audu" time="0.062">
  <properties/>
  <testcase name="testTableExists()" classname="org.opendc.trace.wtf.WtfTraceFormatTest" time="0.002"/>
  <testcase name="testTableReader()" classname="org.opendc.trace.wtf.WtfTraceFormatTest" time="0.053"/>
  <testcase name="testTableDoesNotExist()" classname="org.opendc.trace.wtf.WtfTraceFormatTest" time="0.003"/>
  <testcase name="testTables()" classname="org.opendc.trace.wtf.WtfTraceFormatTest" time="0.001"/>
  <system-out><![CDATA[]]></system-out>
  <system-err><![CDATA[]]></system-err>
</testsuite>
