<?xml version="1.0" encoding="UTF-8"?>
<testsuite name="TableWriter for Resource States" tests="5" skipped="0" failures="0" errors="0" timestamp="2025-05-13T17:40:37" hostname="ece-d6200-audu" time="0.059">
  <properties/>
  <testcase name="testWriteWithoutRow()" classname="formats.opendc.OdcVmTraceFormatTest$ResourceStatesTableWriterTest" time="0.01"/>
  <testcase name="testWriteNonExistentColumns()" classname="formats.opendc.OdcVmTraceFormatTest$ResourceStatesTableWriterTest" time="0.01"/>
  <testcase name="testEndRowWithoutStart()" classname="formats.opendc.OdcVmTraceFormatTest$ResourceStatesTableWriterTest" time="0.007"/>
  <testcase name="testResolve()" classname="formats.opendc.OdcVmTraceFormatTest$ResourceStatesTableWriterTest" time="0.01"/>
  <testcase name="testResolveEmpty()" classname="formats.opendc.OdcVmTraceFormatTest$ResourceStatesTableWriterTest" time="0.015"/>
  <system-out><![CDATA[]]></system-out>
  <system-err><![CDATA[]]></system-err>
</testsuite>
