<?xml version="1.0" encoding="UTF-8"?>
<testsuite name="Azure VM TraceFormat" tests="5" skipped="0" failures="0" errors="0" timestamp="2025-05-13T17:40:33" hostname="ece-d6200-audu" time="0.3">
  <properties/>
  <testcase name="testResources()" classname="formats.azure.AzureTraceFormatTest" time="0.068"/>
  <testcase name="testSmoke()" classname="formats.azure.AzureTraceFormatTest" time="0.083"/>
  <testcase name="testTableExists()" classname="formats.azure.AzureTraceFormatTest" time="0.116"/>
  <testcase name="testTableDoesNotExist()" classname="formats.azure.AzureTraceFormatTest" time="0.014"/>
  <testcase name="testTables()" classname="formats.azure.AzureTraceFormatTest" time="0.005"/>
  <system-out><![CDATA[]]></system-out>
  <system-err><![CDATA[]]></system-err>
</testsuite>
