<?xml version="1.0" encoding="UTF-8"?>
<testsuite name="TableReader for Resources" tests="7" skipped="0" failures="0" errors="0" timestamp="2025-05-13T17:40:37" hostname="ece-d6200-audu" time="0.065">
  <properties/>
  <testcase name="testReadWithoutNextRow()" classname="formats.opendc.OdcVmTraceFormatTest$ResourcesTableReaderTest" time="0.003"/>
  <testcase name="testReadAfterFinish()" classname="formats.opendc.OdcVmTraceFormatTest$ResourcesTableReaderTest" time="0.019"/>
  <testcase name="testReadFully()" classname="formats.opendc.OdcVmTraceFormatTest$ResourcesTableReaderTest" time="0.014"/>
  <testcase name="testVerifyNullColumns()" classname="formats.opendc.OdcVmTraceFormatTest$ResourcesTableReaderTest" time="0.011"/>
  <testcase name="testResolve()" classname="formats.opendc.OdcVmTraceFormatTest$ResourcesTableReaderTest" time="0.001"/>
  <testcase name="testResolveEmpty()" classname="formats.opendc.OdcVmTraceFormatTest$ResourcesTableReaderTest" time="0.0"/>
  <testcase name="testReadNonExistentColumns()" classname="formats.opendc.OdcVmTraceFormatTest$ResourcesTableReaderTest" time="0.01"/>
  <system-out><![CDATA[]]></system-out>
  <system-err><![CDATA[]]></system-err>
</testsuite>
