<?xml version="1.0" encoding="UTF-8"?>
<testsuite name="GWF TraceFormat" tests="5" skipped="0" failures="0" errors="0" timestamp="2025-05-13T17:40:34" hostname="ece-d6200-audu" time="0.026">
  <properties/>
  <testcase name="testTableExists()" classname="formats.gwf.GwfTraceFormatTest" time="0.003"/>
  <testcase name="testTableReader()" classname="formats.gwf.GwfTraceFormatTest" time="0.009"/>
  <testcase name="testTableDoesNotExist()" classname="formats.gwf.GwfTraceFormatTest" time="0.003"/>
  <testcase name="testReadingRowWithDependencies()" classname="formats.gwf.GwfTraceFormatTest" time="0.003"/>
  <testcase name="testTables()" classname="formats.gwf.GwfTraceFormatTest" time="0.001"/>
  <system-out><![CDATA[]]></system-out>
  <system-err><![CDATA[]]></system-err>
</testsuite>
