<?xml version="1.0" encoding="UTF-8"?>
<testsuite name="TableReader for Resource States" tests="7" skipped="0" failures="0" errors="0" timestamp="2025-05-13T17:40:34" hostname="ece-d6200-audu" time="0.399">
  <properties/>
  <testcase name="testReadWithoutNextRow()" classname="formats.bitbrains.BitbrainsTraceFormatTest$ResourceStatesTableReaderTest" time="0.004"/>
  <testcase name="testReadAfterFinish()" classname="formats.bitbrains.BitbrainsTraceFormatTest$ResourceStatesTableReaderTest" time="0.117"/>
  <testcase name="testReadFully()" classname="formats.bitbrains.BitbrainsTraceFormatTest$ResourceStatesTableReaderTest" time="0.164"/>
  <testcase name="testVerifyNullColumns()" classname="formats.bitbrains.BitbrainsTraceFormatTest$ResourceStatesTableReaderTest" time="0.091"/>
  <testcase name="testResolve()" classname="formats.bitbrains.BitbrainsTraceFormatTest$ResourceStatesTableReaderTest" time="0.002"/>
  <testcase name="testResolveEmpty()" classname="formats.bitbrains.BitbrainsTraceFormatTest$ResourceStatesTableReaderTest" time="0.009"/>
  <testcase name="testReadNonExistentColumns()" classname="formats.bitbrains.BitbrainsTraceFormatTest$ResourceStatesTableReaderTest" time="0.003"/>
  <system-out><![CDATA[]]></system-out>
  <system-err><![CDATA[]]></system-err>
</testsuite>
