<?xml version="1.0" encoding="UTF-8"?>
<testsuite name="org.opendc.experiments.base.SchedulerTest" tests="1" skipped="0" failures="0" errors="0" timestamp="2025-05-17T00:17:23" hostname="ece-d6200-audu" time="0.007">
  <properties/>
  <testcase name="testSimulator4Memorizing()" classname="org.opendc.experiments.base.SchedulerTest" time="0.007"/>
  <system-out><![CDATA[]]></system-out>
  <system-err><![CDATA[]]></system-err>
</testsuite>
