<?xml version="1.0" encoding="UTF-8"?>
<testsuite name="org.opendc.experiments.base.CarbonTest" tests="3" skipped="0" failures="0" errors="0" timestamp="2025-05-17T00:17:21" hostname="ece-d6200-audu" time="0.156">
  <properties/>
  <testcase name="testCarbon1()" classname="org.opendc.experiments.base.CarbonTest" time="0.027"/>
  <testcase name="testCarbon2()" classname="org.opendc.experiments.base.CarbonTest" time="0.108"/>
  <testcase name="testCarbon3()" classname="org.opendc.experiments.base.CarbonTest" time="0.02"/>
  <system-out><![CDATA[]]></system-out>
  <system-err><![CDATA[]]></system-err>
</testsuite>
