<?xml version="1.0" encoding="UTF-8"?>
<testsuite name="org.opendc.experiments.base.ExperimentTest" tests="4" skipped="0" failures="0" errors="0" timestamp="2025-05-17T00:17:21" hostname="ece-d6200-audu" time="0.021">
  <properties/>
  <testcase name="testSimulator1()" classname="org.opendc.experiments.base.ExperimentTest" time="0.005"/>
  <testcase name="testSimulator2()" classname="org.opendc.experiments.base.ExperimentTest" time="0.006"/>
  <testcase name="testSimulator3()" classname="org.opendc.experiments.base.ExperimentTest" time="0.005"/>
  <testcase name="testSimulator4()" classname="org.opendc.experiments.base.ExperimentTest" time="0.003"/>
  <system-out><![CDATA[]]></system-out>
  <system-err><![CDATA[]]></system-err>
</testsuite>
