<?xml version="1.0" encoding="UTF-8"?>
<testsuite name="org.opendc.trace.calcite.TraceSchemaFactoryTest" tests="3" skipped="0" failures="0" errors="0" timestamp="2025-05-13T17:40:44" hostname="ece-d6200-audu" time="0.555">
  <properties/>
  <testcase name="testWithoutPath()" classname="org.opendc.trace.calcite.TraceSchemaFactoryTest" time="0.527"/>
  <testcase name="testWithoutFormat()" classname="org.opendc.trace.calcite.TraceSchemaFactoryTest" time="0.014"/>
  <testcase name="testWithoutParams()" classname="org.opendc.trace.calcite.TraceSchemaFactoryTest" time="0.006"/>
  <system-out><![CDATA[]]></system-out>
  <system-err><![CDATA[]]></system-err>
</testsuite>
