<?xml version="1.0" encoding="UTF-8"?>
<testsuite name="org.opendc.common.util.PacerTest" tests="5" skipped="0" failures="0" errors="0" timestamp="2025-05-13T17:40:29" hostname="ece-d6200-audu" time="0.069">
  <properties/>
  <testcase name="testSingleEnqueue()" classname="org.opendc.common.util.PacerTest" time="0.019"/>
  <testcase name="testSubsequent()" classname="org.opendc.common.util.PacerTest" time="0.007"/>
  <testcase name="testCascade()" classname="org.opendc.common.util.PacerTest" time="0.009"/>
  <testcase name="testCancelWithoutPending()" classname="org.opendc.common.util.PacerTest" time="0.011"/>
  <testcase name="testCancel()" classname="org.opendc.common.util.PacerTest" time="0.008"/>
  <system-out><![CDATA[]]></system-out>
  <system-err><![CDATA[]]></system-err>
</testsuite>
