<?xml version="1.0" encoding="UTF-8"?>
<testsuite name="org.opendc.web.server.rest.runner.JobResourceTest" tests="8" skipped="0" failures="0" errors="0" timestamp="2025-05-17T00:28:08" hostname="ece-d6200-audu" time="0.416">
  <properties/>
  <testcase name="testQueryWithoutToken()" classname="org.opendc.web.server.rest.runner.JobResourceTest" time="0.01"/>
  <testcase name="testGetNonExisting()" classname="org.opendc.web.server.rest.runner.JobResourceTest" time="0.014"/>
  <testcase name="testUpdateState()" classname="org.opendc.web.server.rest.runner.JobResourceTest" time="0.312"/>
  <testcase name="testQuery()" classname="org.opendc.web.server.rest.runner.JobResourceTest" time="0.033"/>
  <testcase name="testGetExisting()" classname="org.opendc.web.server.rest.runner.JobResourceTest" time="0.017"/>
  <testcase name="testQueryInvalidScope()" classname="org.opendc.web.server.rest.runner.JobResourceTest" time="0.006"/>
  <testcase name="testUpdateNonExistent()" classname="org.opendc.web.server.rest.runner.JobResourceTest" time="0.011"/>
  <testcase name="testUpdateInvalidInput()" classname="org.opendc.web.server.rest.runner.JobResourceTest" time="0.009"/>
  <system-out><![CDATA[Hibernate: 
    select
        j1_0.id,
        j1_0.created_at,
        j1_0.created_by,
        j1_0.repeats,
        j1_0.results,
        j1_0.runtime,
        j1_0.scenario_id,
        s1_0.id,
        s1_0.name,
        s1_0.number,
        s1_0.phenomena,
        s1_0.portfolio_id,
        p1_0.id,
        p1_0.name,
        p1_0.number,
        p1_0.project_id,
        p2_0.id,
        p2_0.created_at,
        p2_0.name,
        p2_0.portfolios_created,
        p2_0.scenarios_created,
        p2_0.topologies_created,
        p2_0.updated_at,
        p1_0.targets,
        s1_0.project_id,
        p3_0.id,
        p3_0.created_at,
        p3_0.name,
        p3_0.portfolios_created,
        p3_0.scenarios_created,
        p3_0.topologies_created,
        p3_0.updated_at,
        s1_0.scheduler_name,
        s1_0.topology_id,
        t1_0.id,
        t1_0.created_at,
        t1_0.name,
        t1_0.number,
        t1_0.project_id,
        p4_0.id,
        p4_0.created_at,
        p4_0.name,
        p4_0.portfolios_created,
        p4_0.scenarios_created,
        p4_0.topologies_created,
        p4_0.updated_at,
        t1_0.rooms,
        t1_0.updated_at,
        s1_0.sampling_fraction,
        s1_0.trace_id,
        t2_0.id,
        t2_0.name,
        t2_0.type,
        j1_0.state,
        j1_0.updated_at 
    from
        Job j1_0 
    join
        Scenario s1_0 
            on s1_0.id=j1_0.scenario_id 
    left join
        Portfolio p1_0 
            on p1_0.id=s1_0.portfolio_id 
    left join
        Project p2_0 
            on p2_0.id=p1_0.project_id 
    left join
        Project p3_0 
            on p3_0.id=s1_0.project_id 
    left join
        Topology t1_0 
            on t1_0.id=s1_0.topology_id 
    left join
        Project p4_0 
            on p4_0.id=t1_0.project_id 
    left join
        Trace t2_0 
            on t2_0.id=s1_0.trace_id 
    where
        j1_0.id=?
Hibernate: 
    select
        j1_0.id,
        j1_0.created_at,
        j1_0.created_by,
        j1_0.repeats,
        j1_0.results,
        j1_0.runtime,
        j1_0.scenario_id,
        s1_0.id,
        s1_0.name,
        s1_0.number,
        s1_0.phenomena,
        s1_0.portfolio_id,
        p1_0.id,
        p1_0.name,
        p1_0.number,
        p1_0.project_id,
        p2_0.id,
        p2_0.created_at,
        p2_0.name,
        p2_0.portfolios_created,
        p2_0.scenarios_created,
        p2_0.topologies_created,
        p2_0.updated_at,
        p1_0.targets,
        s1_0.project_id,
        p3_0.id,
        p3_0.created_at,
        p3_0.name,
        p3_0.portfolios_created,
        p3_0.scenarios_created,
        p3_0.topologies_created,
        p3_0.updated_at,
        s1_0.scheduler_name,
        s1_0.topology_id,
        t1_0.id,
        t1_0.created_at,
        t1_0.name,
        t1_0.number,
        t1_0.project_id,
        p4_0.id,
        p4_0.created_at,
        p4_0.name,
        p4_0.portfolios_created,
        p4_0.scenarios_created,
        p4_0.topologies_created,
        p4_0.updated_at,
        t1_0.rooms,
        t1_0.updated_at,
        s1_0.sampling_fraction,
        s1_0.trace_id,
        t2_0.id,
        t2_0.name,
        t2_0.type,
        j1_0.state,
        j1_0.updated_at 
    from
        Job j1_0 
    join
        Scenario s1_0 
            on s1_0.id=j1_0.scenario_id 
    left join
        Portfolio p1_0 
            on p1_0.id=s1_0.portfolio_id 
    left join
        Project p2_0 
            on p2_0.id=p1_0.project_id 
    left join
        Project p3_0 
            on p3_0.id=s1_0.project_id 
    left join
        Topology t1_0 
            on t1_0.id=s1_0.topology_id 
    left join
        Project p4_0 
            on p4_0.id=t1_0.project_id 
    left join
        Trace t2_0 
            on t2_0.id=s1_0.trace_id 
    where
        j1_0.id=?
Hibernate: 
    select
        ua1_0.user_id,
        ua1_0.period_end,
        ua1_0.simulation_time,
        ua1_0.simulation_time_budget 
    from
        UserAccounting ua1_0 
    where
        ua1_0.user_id=?
Hibernate: 
    insert 
    into
        UserAccounting
        (period_end, simulation_time, simulation_time_budget, user_id) 
    values
        (?, ?, ?, ?)
Hibernate: 
    update
        Job 
    set
        state=?,
        updated_at=?,
        runtime=?,
        results=? 
    where
        id=? 
        and state=?
Hibernate: 
    select
        j1_0.id,
        j1_0.created_at,
        j1_0.created_by,
        j1_0.repeats,
        j1_0.results,
        j1_0.runtime,
        j1_0.scenario_id,
        s1_0.id,
        s1_0.name,
        s1_0.number,
        s1_0.phenomena,
        s1_0.portfolio_id,
        p1_0.id,
        p1_0.name,
        p1_0.number,
        p1_0.project_id,
        p2_0.id,
        a1_0.project_id,
        a1_0.user_name,
        a1_0.role,
        p2_0.created_at,
        p2_0.name,
        p2_0.portfolios_created,
        p2_0.scenarios_created,
        p2_0.topologies_created,
        p2_0.updated_at,
        p1_0.targets,
        s1_0.project_id,
        p4_0.id,
        p4_0.created_at,
        p4_0.name,
        p4_0.portfolios_created,
        p4_0.scenarios_created,
        p4_0.topologies_created,
        p4_0.updated_at,
        s1_0.scheduler_name,
        s1_0.topology_id,
        t1_0.id,
        t1_0.created_at,
        t1_0.name,
        t1_0.number,
        t1_0.project_id,
        p5_0.id,
        p5_0.created_at,
        p5_0.name,
        p5_0.portfolios_created,
        p5_0.scenarios_created,
        p5_0.topologies_created,
        p5_0.updated_at,
        t1_0.rooms,
        t1_0.updated_at,
        s1_0.sampling_fraction,
        s1_0.trace_id,
        t2_0.id,
        t2_0.name,
        t2_0.type,
        j1_0.state,
        j1_0.updated_at 
    from
        Job j1_0 
    join
        Scenario s1_0 
            on s1_0.id=j1_0.scenario_id 
    left join
        Portfolio p1_0 
            on p1_0.id=s1_0.portfolio_id 
    left join
        Project p2_0 
            on p2_0.id=p1_0.project_id 
    left join
        ProjectAuthorization a1_0 
            on p2_0.id=a1_0.project_id 
    left join
        Project p4_0 
            on p4_0.id=s1_0.project_id 
    left join
        Topology t1_0 
            on t1_0.id=s1_0.topology_id 
    left join
        Project p5_0 
            on p5_0.id=t1_0.project_id 
    left join
        Trace t2_0 
            on t2_0.id=s1_0.trace_id 
    where
        j1_0.id=?
Hibernate: 
    select
        j1_0.id,
        j1_0.created_at,
        j1_0.created_by,
        j1_0.repeats,
        j1_0.results,
        j1_0.runtime,
        j1_0.scenario_id,
        j1_0.state,
        j1_0.updated_at 
    from
        Job j1_0 
    where
        j1_0.state=?
Hibernate: 
    select
        s1_0.id,
        s1_0.name,
        s1_0.number,
        s1_0.phenomena,
        s1_0.portfolio_id,
        p1_0.id,
        p1_0.name,
        p1_0.number,
        p1_0.project_id,
        p2_0.id,
        p2_0.created_at,
        p2_0.name,
        p2_0.portfolios_created,
        p2_0.scenarios_created,
        p2_0.topologies_created,
        p2_0.updated_at,
        p1_0.targets,
        s1_0.project_id,
        p3_0.id,
        p3_0.created_at,
        p3_0.name,
        p3_0.portfolios_created,
        p3_0.scenarios_created,
        p3_0.topologies_created,
        p3_0.updated_at,
        s1_0.scheduler_name,
        s1_0.topology_id,
        t1_0.id,
        t1_0.created_at,
        t1_0.name,
        t1_0.number,
        t1_0.project_id,
        p4_0.id,
        p4_0.created_at,
        p4_0.name,
        p4_0.portfolios_created,
        p4_0.scenarios_created,
        p4_0.topologies_created,
        p4_0.updated_at,
        t1_0.rooms,
        t1_0.updated_at,
        s1_0.sampling_fraction,
        s1_0.trace_id,
        t2_0.id,
        t2_0.name,
        t2_0.type 
    from
        Scenario s1_0 
    join
        Portfolio p1_0 
            on p1_0.id=s1_0.portfolio_id 
    left join
        Project p2_0 
            on p2_0.id=p1_0.project_id 
    join
        Project p3_0 
            on p3_0.id=s1_0.project_id 
    join
        Topology t1_0 
            on t1_0.id=s1_0.topology_id 
    left join
        Project p4_0 
            on p4_0.id=t1_0.project_id 
    left join
        Trace t2_0 
            on t2_0.id=s1_0.trace_id 
    where
        s1_0.id=?
Hibernate: 
    select
        j1_0.id,
        j1_0.created_at,
        j1_0.created_by,
        j1_0.repeats,
        j1_0.results,
        j1_0.runtime,
        j1_0.scenario_id,
        s1_0.id,
        s1_0.name,
        s1_0.number,
        s1_0.phenomena,
        s1_0.portfolio_id,
        p1_0.id,
        p1_0.name,
        p1_0.number,
        p1_0.project_id,
        p2_0.id,
        p2_0.created_at,
        p2_0.name,
        p2_0.portfolios_created,
        p2_0.scenarios_created,
        p2_0.topologies_created,
        p2_0.updated_at,
        p1_0.targets,
        s1_0.project_id,
        p3_0.id,
        p3_0.created_at,
        p3_0.name,
        p3_0.portfolios_created,
        p3_0.scenarios_created,
        p3_0.topologies_created,
        p3_0.updated_at,
        s1_0.scheduler_name,
        s1_0.topology_id,
        t1_0.id,
        t1_0.created_at,
        t1_0.name,
        t1_0.number,
        t1_0.project_id,
        p4_0.id,
        p4_0.created_at,
        p4_0.name,
        p4_0.portfolios_created,
        p4_0.scenarios_created,
        p4_0.topologies_created,
        p4_0.updated_at,
        t1_0.rooms,
        t1_0.updated_at,
        s1_0.sampling_fraction,
        s1_0.trace_id,
        t2_0.id,
        t2_0.name,
        t2_0.type,
        j1_0.state,
        j1_0.updated_at 
    from
        Job j1_0 
    join
        Scenario s1_0 
            on s1_0.id=j1_0.scenario_id 
    left join
        Portfolio p1_0 
            on p1_0.id=s1_0.portfolio_id 
    left join
        Project p2_0 
            on p2_0.id=p1_0.project_id 
    left join
        Project p3_0 
            on p3_0.id=s1_0.project_id 
    left join
        Topology t1_0 
            on t1_0.id=s1_0.topology_id 
    left join
        Project p4_0 
            on p4_0.id=t1_0.project_id 
    left join
        Trace t2_0 
            on t2_0.id=s1_0.trace_id 
    where
        j1_0.id=?
Hibernate: 
    select
        j1_0.id,
        j1_0.created_at,
        j1_0.created_by,
        j1_0.repeats,
        j1_0.results,
        j1_0.runtime,
        j1_0.scenario_id,
        s1_0.id,
        s1_0.name,
        s1_0.number,
        s1_0.phenomena,
        s1_0.portfolio_id,
        p1_0.id,
        p1_0.name,
        p1_0.number,
        p1_0.project_id,
        p2_0.id,
        p2_0.created_at,
        p2_0.name,
        p2_0.portfolios_created,
        p2_0.scenarios_created,
        p2_0.topologies_created,
        p2_0.updated_at,
        p1_0.targets,
        s1_0.project_id,
        p3_0.id,
        p3_0.created_at,
        p3_0.name,
        p3_0.portfolios_created,
        p3_0.scenarios_created,
        p3_0.topologies_created,
        p3_0.updated_at,
        s1_0.scheduler_name,
        s1_0.topology_id,
        t1_0.id,
        t1_0.created_at,
        t1_0.name,
        t1_0.number,
        t1_0.project_id,
        p4_0.id,
        p4_0.created_at,
        p4_0.name,
        p4_0.portfolios_created,
        p4_0.scenarios_created,
        p4_0.topologies_created,
        p4_0.updated_at,
        t1_0.rooms,
        t1_0.updated_at,
        s1_0.sampling_fraction,
        s1_0.trace_id,
        t2_0.id,
        t2_0.name,
        t2_0.type,
        j1_0.state,
        j1_0.updated_at 
    from
        Job j1_0 
    join
        Scenario s1_0 
            on s1_0.id=j1_0.scenario_id 
    left join
        Portfolio p1_0 
            on p1_0.id=s1_0.portfolio_id 
    left join
        Project p2_0 
            on p2_0.id=p1_0.project_id 
    left join
        Project p3_0 
            on p3_0.id=s1_0.project_id 
    left join
        Topology t1_0 
            on t1_0.id=s1_0.topology_id 
    left join
        Project p4_0 
            on p4_0.id=t1_0.project_id 
    left join
        Trace t2_0 
            on t2_0.id=s1_0.trace_id 
    where
        j1_0.id=?
]]></system-out>
  <system-err><![CDATA[]]></system-err>
</testsuite>
