<?xml version="1.0" encoding="UTF-8"?>
<testsuite name="org.opendc.web.server.service.JobServiceTest" tests="5" skipped="0" failures="0" errors="0" timestamp="2025-05-17T00:28:10" hostname="ece-d6200-audu" time="0.11">
  <properties/>
  <testcase name="testUpdateSuccess()" classname="org.opendc.web.server.service.JobServiceTest" time="0.098"/>
  <testcase name="testUpdateNoBudgetWhenFinishing()" classname="org.opendc.web.server.service.JobServiceTest" time="0.002"/>
  <testcase name="testUpdateConflict()" classname="org.opendc.web.server.service.JobServiceTest" time="0.004"/>
  <testcase name="testUpdateNoBudget()" classname="org.opendc.web.server.service.JobServiceTest" time="0.002"/>
  <testcase name="testUpdateInvalidTransition()" classname="org.opendc.web.server.service.JobServiceTest" time="0.002"/>
  <system-out><![CDATA[]]></system-out>
  <system-err><![CDATA[]]></system-err>
</testsuite>
